14:20:38.793 [qtp1495445111-21] INFO  ru.atom.dbhackaton.services.mm.MatchMakerResource - joining user: Egor_Test_1 with token: 149502004379854590
14:36:04.883 [qtp1495445111-17] INFO  ru.atom.dbhackaton.services.mm.MatchMakerResource - joining user: Egor_Test_1 with token: 149502004379854590
15:56:25.665 [qtp1602167682-14] ERROR ru.atom.dbhackaton.services.mm.MatchMakerService - Transaction failed.
java.lang.NullPointerException: null
	at ru.atom.dbhackaton.dao.TokenDao.getUserByToken(TokenDao.java:40) ~[main/:?]
	at ru.atom.dbhackaton.services.mm.MatchMakerService.findUser(MatchMakerService.java:25) [main/:?]
	at ru.atom.dbhackaton.services.mm.MatchMakerResource.join(MatchMakerResource.java:39) [main/:?]
	at sun.reflect.NativeMethodAccessorImpl.invoke0(Native Method) ~[?:1.8.0_121]
	at sun.reflect.NativeMethodAccessorImpl.invoke(NativeMethodAccessorImpl.java:62) ~[?:1.8.0_121]
	at sun.reflect.DelegatingMethodAccessorImpl.invoke(DelegatingMethodAccessorImpl.java:43) ~[?:1.8.0_121]
	at java.lang.reflect.Method.invoke(Method.java:498) ~[?:1.8.0_121]
	at org.glassfish.jersey.server.model.internal.ResourceMethodInvocationHandlerFactory$1.invoke(ResourceMethodInvocationHandlerFactory.java:81) [jersey-server-2.25.1.jar:?]
	at org.glassfish.jersey.server.model.internal.AbstractJavaResourceMethodDispatcher$1.run(AbstractJavaResourceMethodDispatcher.java:144) [jersey-server-2.25.1.jar:?]
	at org.glassfish.jersey.server.model.internal.AbstractJavaResourceMethodDispatcher.invoke(AbstractJavaResourceMethodDispatcher.java:161) [jersey-server-2.25.1.jar:?]
	at org.glassfish.jersey.server.model.internal.JavaResourceMethodDispatcherProvider$ResponseOutInvoker.doDispatch(JavaResourceMethodDispatcherProvider.java:160) [jersey-server-2.25.1.jar:?]
	at org.glassfish.jersey.server.model.internal.AbstractJavaResourceMethodDispatcher.dispatch(AbstractJavaResourceMethodDispatcher.java:99) [jersey-server-2.25.1.jar:?]
	at org.glassfish.jersey.server.model.ResourceMethodInvoker.invoke(ResourceMethodInvoker.java:389) [jersey-server-2.25.1.jar:?]
	at org.glassfish.jersey.server.model.ResourceMethodInvoker.apply(ResourceMethodInvoker.java:347) [jersey-server-2.25.1.jar:?]
	at org.glassfish.jersey.server.model.ResourceMethodInvoker.apply(ResourceMethodInvoker.java:102) [jersey-server-2.25.1.jar:?]
	at org.glassfish.jersey.server.ServerRuntime$2.run(ServerRuntime.java:326) [jersey-server-2.25.1.jar:?]
	at org.glassfish.jersey.internal.Errors$1.call(Errors.java:271) [jersey-common-2.25.1.jar:?]
	at org.glassfish.jersey.internal.Errors$1.call(Errors.java:267) [jersey-common-2.25.1.jar:?]
	at org.glassfish.jersey.internal.Errors.process(Errors.java:315) [jersey-common-2.25.1.jar:?]
	at org.glassfish.jersey.internal.Errors.process(Errors.java:297) [jersey-common-2.25.1.jar:?]
	at org.glassfish.jersey.internal.Errors.process(Errors.java:267) [jersey-common-2.25.1.jar:?]
	at org.glassfish.jersey.process.internal.RequestScope.runInScope(RequestScope.java:317) [jersey-common-2.25.1.jar:?]
	at org.glassfish.jersey.server.ServerRuntime.process(ServerRuntime.java:305) [jersey-server-2.25.1.jar:?]
	at org.glassfish.jersey.server.ApplicationHandler.handle(ApplicationHandler.java:1154) [jersey-server-2.25.1.jar:?]
	at org.glassfish.jersey.servlet.WebComponent.serviceImpl(WebComponent.java:473) [jersey-container-servlet-core-2.25.1.jar:?]
	at org.glassfish.jersey.servlet.WebComponent.service(WebComponent.java:427) [jersey-container-servlet-core-2.25.1.jar:?]
	at org.glassfish.jersey.servlet.ServletContainer.service(ServletContainer.java:388) [jersey-container-servlet-core-2.25.1.jar:?]
	at org.glassfish.jersey.servlet.ServletContainer.service(ServletContainer.java:341) [jersey-container-servlet-core-2.25.1.jar:?]
	at org.glassfish.jersey.servlet.ServletContainer.service(ServletContainer.java:228) [jersey-container-servlet-core-2.25.1.jar:?]
	at org.eclipse.jetty.servlet.ServletHolder.handle(ServletHolder.java:845) [jetty-servlet-9.3.12.v20160915.jar:9.3.12.v20160915]
	at org.eclipse.jetty.servlet.ServletHandler.doHandle(ServletHandler.java:583) [jetty-servlet-9.3.12.v20160915.jar:9.3.12.v20160915]
	at org.eclipse.jetty.server.handler.ContextHandler.doHandle(ContextHandler.java:1180) [jetty-server-9.3.12.v20160915.jar:9.3.12.v20160915]
	at org.eclipse.jetty.servlet.ServletHandler.doScope(ServletHandler.java:511) [jetty-servlet-9.3.12.v20160915.jar:9.3.12.v20160915]
	at org.eclipse.jetty.server.handler.ContextHandler.doScope(ContextHandler.java:1112) [jetty-server-9.3.12.v20160915.jar:9.3.12.v20160915]
	at org.eclipse.jetty.server.handler.ScopedHandler.handle(ScopedHandler.java:141) [jetty-server-9.3.12.v20160915.jar:9.3.12.v20160915]
	at org.eclipse.jetty.server.handler.ContextHandlerCollection.handle(ContextHandlerCollection.java:213) [jetty-server-9.3.12.v20160915.jar:9.3.12.v20160915]
	at org.eclipse.jetty.server.handler.HandlerWrapper.handle(HandlerWrapper.java:134) [jetty-server-9.3.12.v20160915.jar:9.3.12.v20160915]
	at org.eclipse.jetty.server.Server.handle(Server.java:523) [jetty-server-9.3.12.v20160915.jar:9.3.12.v20160915]
	at org.eclipse.jetty.server.HttpChannel.handle(HttpChannel.java:320) [jetty-server-9.3.12.v20160915.jar:9.3.12.v20160915]
	at org.eclipse.jetty.server.HttpConnection.onFillable(HttpConnection.java:251) [jetty-server-9.3.12.v20160915.jar:9.3.12.v20160915]
	at org.eclipse.jetty.io.AbstractConnection$ReadCallback.succeeded(AbstractConnection.java:273) [jetty-io-9.3.12.v20160915.jar:9.3.12.v20160915]
	at org.eclipse.jetty.io.FillInterest.fillable(FillInterest.java:95) [jetty-io-9.3.12.v20160915.jar:9.3.12.v20160915]
	at org.eclipse.jetty.io.SelectChannelEndPoint$2.run(SelectChannelEndPoint.java:93) [jetty-io-9.3.12.v20160915.jar:9.3.12.v20160915]
	at org.eclipse.jetty.util.thread.strategy.ExecuteProduceConsume.executeProduceConsume(ExecuteProduceConsume.java:303) [jetty-util-9.3.12.v20160915.jar:9.3.12.v20160915]
	at org.eclipse.jetty.util.thread.strategy.ExecuteProduceConsume.produceConsume(ExecuteProduceConsume.java:148) [jetty-util-9.3.12.v20160915.jar:9.3.12.v20160915]
	at org.eclipse.jetty.util.thread.strategy.ExecuteProduceConsume.run(ExecuteProduceConsume.java:136) [jetty-util-9.3.12.v20160915.jar:9.3.12.v20160915]
	at org.eclipse.jetty.util.thread.QueuedThreadPool.runJob(QueuedThreadPool.java:671) [jetty-util-9.3.12.v20160915.jar:9.3.12.v20160915]
	at org.eclipse.jetty.util.thread.QueuedThreadPool$2.run(QueuedThreadPool.java:589) [jetty-util-9.3.12.v20160915.jar:9.3.12.v20160915]
	at java.lang.Thread.run(Thread.java:745) [?:1.8.0_121]
