23:33:00.861 [qtp334203599-19] INFO  ru.atom.websocket.server.GameManager - number of players in currentGame before add: 0
23:33:01.318 [qtp334203599-19] INFO  ru.atom.websocket.server.GameManager - number of players in currentGame after add: 1
23:33:06.417 [qtp334203599-18] INFO  ru.atom.websocket.server.GameManager - Player with such session is not playing now
23:33:06.418 [qtp334203599-18] INFO  ru.atom.websocket.server.GameManager - ignore move before game is ready to start
23:33:06.420 [qtp334203599-18] INFO  ru.atom.websocket.server.GameManager - Player with such session is not playing now
23:33:06.421 [qtp334203599-18] INFO  ru.atom.websocket.server.GameManager - ignore move before game is ready to start
23:33:06.433 [qtp334203599-20] INFO  ru.atom.websocket.server.GameManager - Player with such session is not playing now
23:33:06.433 [qtp334203599-20] INFO  ru.atom.websocket.server.GameManager - ignore move before game is ready to start
23:33:06.446 [qtp334203599-13] INFO  ru.atom.websocket.server.GameManager - Player with such session is not playing now
23:33:06.446 [qtp334203599-13] INFO  ru.atom.websocket.server.GameManager - ignore move before game is ready to start
23:33:06.461 [qtp334203599-18] INFO  ru.atom.websocket.server.GameManager - Player with such session is not playing now
23:33:06.461 [qtp334203599-18] INFO  ru.atom.websocket.server.GameManager - ignore move before game is ready to start
23:33:06.476 [qtp334203599-19] INFO  ru.atom.websocket.server.GameManager - Player with such session is not playing now
23:33:06.477 [qtp334203599-19] INFO  ru.atom.websocket.server.GameManager - ignore move before game is ready to start
23:33:06.493 [qtp334203599-13] INFO  ru.atom.websocket.server.GameManager - Player with such session is not playing now
23:33:06.493 [qtp334203599-13] INFO  ru.atom.websocket.server.GameManager - ignore move before game is ready to start
23:33:06.511 [qtp334203599-20] INFO  ru.atom.websocket.server.GameManager - Player with such session is not playing now
23:33:06.511 [qtp334203599-20] INFO  ru.atom.websocket.server.GameManager - ignore move before game is ready to start
23:33:06.525 [qtp334203599-19] INFO  ru.atom.websocket.server.GameManager - Player with such session is not playing now
23:33:06.525 [qtp334203599-19] INFO  ru.atom.websocket.server.GameManager - ignore move before game is ready to start
23:33:06.542 [qtp334203599-18] INFO  ru.atom.websocket.server.GameManager - Player with such session is not playing now
23:33:06.542 [qtp334203599-18] INFO  ru.atom.websocket.server.GameManager - ignore move before game is ready to start
23:33:06.560 [qtp334203599-13] INFO  ru.atom.websocket.server.GameManager - Player with such session is not playing now
23:33:06.560 [qtp334203599-13] INFO  ru.atom.websocket.server.GameManager - ignore move before game is ready to start
23:33:06.577 [qtp334203599-20] INFO  ru.atom.websocket.server.GameManager - Player with such session is not playing now
23:33:06.578 [qtp334203599-20] INFO  ru.atom.websocket.server.GameManager - ignore move before game is ready to start
23:33:06.594 [qtp334203599-19] INFO  ru.atom.websocket.server.GameManager - Player with such session is not playing now
23:33:06.595 [qtp334203599-19] INFO  ru.atom.websocket.server.GameManager - ignore move before game is ready to start
23:33:06.612 [qtp334203599-18] INFO  ru.atom.websocket.server.GameManager - Player with such session is not playing now
23:33:06.612 [qtp334203599-18] INFO  ru.atom.websocket.server.GameManager - ignore move before game is ready to start
23:33:06.630 [qtp334203599-18] INFO  ru.atom.websocket.server.GameManager - Player with such session is not playing now
23:33:06.630 [qtp334203599-18] INFO  ru.atom.websocket.server.GameManager - ignore move before game is ready to start
23:33:06.646 [qtp334203599-20] INFO  ru.atom.websocket.server.GameManager - Player with such session is not playing now
23:33:06.646 [qtp334203599-20] INFO  ru.atom.websocket.server.GameManager - ignore move before game is ready to start
23:33:06.663 [qtp334203599-19] INFO  ru.atom.websocket.server.GameManager - Player with such session is not playing now
23:33:06.664 [qtp334203599-19] INFO  ru.atom.websocket.server.GameManager - ignore move before game is ready to start
23:33:06.677 [qtp334203599-13] INFO  ru.atom.websocket.server.GameManager - Player with such session is not playing now
23:33:06.677 [qtp334203599-13] INFO  ru.atom.websocket.server.GameManager - ignore move before game is ready to start
23:33:06.694 [qtp334203599-20] INFO  ru.atom.websocket.server.GameManager - Player with such session is not playing now
23:33:06.694 [qtp334203599-20] INFO  ru.atom.websocket.server.GameManager - ignore move before game is ready to start
23:33:06.702 [qtp334203599-18] INFO  ru.atom.websocket.server.GameManager - Player with such session is not playing now
23:33:06.703 [qtp334203599-18] INFO  ru.atom.websocket.server.GameManager - ignore move before game is ready to start
23:33:06.720 [qtp334203599-18] INFO  ru.atom.websocket.server.GameManager - Player with such session is not playing now
23:33:06.720 [qtp334203599-18] INFO  ru.atom.websocket.server.GameManager - ignore move before game is ready to start
23:33:06.735 [qtp334203599-18] INFO  ru.atom.websocket.server.GameManager - Player with such session is not playing now
23:33:06.735 [qtp334203599-18] INFO  ru.atom.websocket.server.GameManager - ignore move before game is ready to start
23:33:06.751 [qtp334203599-20] INFO  ru.atom.websocket.server.GameManager - Player with such session is not playing now
23:33:06.751 [qtp334203599-20] INFO  ru.atom.websocket.server.GameManager - ignore move before game is ready to start
23:33:06.769 [qtp334203599-13] INFO  ru.atom.websocket.server.GameManager - Player with such session is not playing now
23:33:06.769 [qtp334203599-13] INFO  ru.atom.websocket.server.GameManager - ignore move before game is ready to start
23:33:06.783 [qtp334203599-19] INFO  ru.atom.websocket.server.GameManager - Player with such session is not playing now
23:33:06.783 [qtp334203599-19] INFO  ru.atom.websocket.server.GameManager - ignore move before game is ready to start
23:33:06.799 [qtp334203599-18] INFO  ru.atom.websocket.server.GameManager - Player with such session is not playing now
23:33:06.799 [qtp334203599-18] INFO  ru.atom.websocket.server.GameManager - ignore move before game is ready to start
23:33:06.813 [qtp334203599-20] INFO  ru.atom.websocket.server.GameManager - Player with such session is not playing now
23:33:06.813 [qtp334203599-20] INFO  ru.atom.websocket.server.GameManager - ignore move before game is ready to start
23:33:06.829 [qtp334203599-19] INFO  ru.atom.websocket.server.GameManager - Player with such session is not playing now
23:33:06.829 [qtp334203599-19] INFO  ru.atom.websocket.server.GameManager - ignore move before game is ready to start
23:33:06.849 [qtp334203599-13] INFO  ru.atom.websocket.server.GameManager - Player with such session is not playing now
23:33:06.849 [qtp334203599-13] INFO  ru.atom.websocket.server.GameManager - ignore move before game is ready to start
23:33:06.864 [qtp334203599-18] INFO  ru.atom.websocket.server.GameManager - Player with such session is not playing now
23:33:06.865 [qtp334203599-18] INFO  ru.atom.websocket.server.GameManager - ignore move before game is ready to start
23:33:06.881 [qtp334203599-19] INFO  ru.atom.websocket.server.GameManager - Player with such session is not playing now
23:33:06.881 [qtp334203599-19] INFO  ru.atom.websocket.server.GameManager - ignore move before game is ready to start
23:33:06.897 [qtp334203599-20] INFO  ru.atom.websocket.server.GameManager - Player with such session is not playing now
23:33:06.898 [qtp334203599-20] INFO  ru.atom.websocket.server.GameManager - ignore move before game is ready to start
23:33:06.929 [qtp334203599-18] INFO  ru.atom.websocket.server.GameManager - Player with such session is not playing now
23:33:06.930 [qtp334203599-18] INFO  ru.atom.websocket.server.GameManager - ignore move before game is ready to start
23:33:06.938 [qtp334203599-13] INFO  ru.atom.websocket.server.GameManager - Player with such session is not playing now
23:33:06.939 [qtp334203599-13] INFO  ru.atom.websocket.server.GameManager - ignore move before game is ready to start
23:33:06.950 [qtp334203599-19] INFO  ru.atom.websocket.server.GameManager - Player with such session is not playing now
23:33:06.950 [qtp334203599-19] INFO  ru.atom.websocket.server.GameManager - ignore move before game is ready to start
23:33:06.968 [qtp334203599-20] INFO  ru.atom.websocket.server.GameManager - Player with such session is not playing now
23:33:06.969 [qtp334203599-20] INFO  ru.atom.websocket.server.GameManager - ignore move before game is ready to start
23:33:06.971 [qtp334203599-18] INFO  ru.atom.websocket.server.GameManager - Player with such session is not playing now
23:33:06.971 [qtp334203599-18] INFO  ru.atom.websocket.server.GameManager - ignore move before game is ready to start
23:33:06.973 [qtp334203599-18] INFO  ru.atom.websocket.server.GameManager - Player with such session is not playing now
23:33:06.973 [qtp334203599-18] INFO  ru.atom.websocket.server.GameManager - ignore move before game is ready to start
23:33:06.989 [qtp334203599-13] INFO  ru.atom.websocket.server.GameManager - Player with such session is not playing now
23:33:06.989 [qtp334203599-13] INFO  ru.atom.websocket.server.GameManager - ignore move before game is ready to start
23:33:07.003 [qtp334203599-19] INFO  ru.atom.websocket.server.GameManager - Player with such session is not playing now
23:33:07.003 [qtp334203599-19] INFO  ru.atom.websocket.server.GameManager - ignore move before game is ready to start
23:33:07.004 [qtp334203599-19] INFO  ru.atom.websocket.server.GameManager - Player with such session is not playing now
23:33:07.004 [qtp334203599-19] INFO  ru.atom.websocket.server.GameManager - ignore move before game is ready to start
23:33:07.021 [qtp334203599-18] INFO  ru.atom.websocket.server.GameManager - Player with such session is not playing now
23:33:07.021 [qtp334203599-18] INFO  ru.atom.websocket.server.GameManager - ignore move before game is ready to start
23:33:07.036 [qtp334203599-20] INFO  ru.atom.websocket.server.GameManager - Player with such session is not playing now
23:33:07.036 [qtp334203599-20] INFO  ru.atom.websocket.server.GameManager - ignore move before game is ready to start
23:33:07.039 [qtp334203599-13] INFO  ru.atom.websocket.server.GameManager - Player with such session is not playing now
23:33:07.039 [qtp334203599-13] INFO  ru.atom.websocket.server.GameManager - ignore move before game is ready to start
23:33:07.053 [qtp334203599-19] INFO  ru.atom.websocket.server.GameManager - Player with such session is not playing now
23:33:07.053 [qtp334203599-19] INFO  ru.atom.websocket.server.GameManager - ignore move before game is ready to start
23:33:07.071 [qtp334203599-20] INFO  ru.atom.websocket.server.GameManager - Player with such session is not playing now
23:33:07.071 [qtp334203599-20] INFO  ru.atom.websocket.server.GameManager - ignore move before game is ready to start
23:33:07.072 [qtp334203599-20] INFO  ru.atom.websocket.server.GameManager - Player with such session is not playing now
23:33:07.072 [qtp334203599-20] INFO  ru.atom.websocket.server.GameManager - ignore move before game is ready to start
23:33:07.086 [qtp334203599-18] INFO  ru.atom.websocket.server.GameManager - Player with such session is not playing now
23:33:07.086 [qtp334203599-18] INFO  ru.atom.websocket.server.GameManager - ignore move before game is ready to start
23:33:08.007 [qtp334203599-19] INFO  ru.atom.websocket.server.GameManager - Player with such session is not playing now
23:33:08.007 [qtp334203599-19] INFO  ru.atom.websocket.server.GameManager - ignore move before game is ready to start
23:33:08.008 [qtp334203599-19] INFO  ru.atom.websocket.server.GameManager - Player with such session is not playing now
23:33:08.008 [qtp334203599-19] INFO  ru.atom.websocket.server.GameManager - ignore move before game is ready to start
23:33:08.025 [qtp334203599-13] INFO  ru.atom.websocket.server.GameManager - Player with such session is not playing now
23:33:08.026 [qtp334203599-13] INFO  ru.atom.websocket.server.GameManager - ignore move before game is ready to start
23:33:08.039 [qtp334203599-18] INFO  ru.atom.websocket.server.GameManager - Player with such session is not playing now
23:33:08.039 [qtp334203599-18] INFO  ru.atom.websocket.server.GameManager - ignore move before game is ready to start
23:33:08.056 [qtp334203599-20] INFO  ru.atom.websocket.server.GameManager - Player with such session is not playing now
23:33:08.057 [qtp334203599-20] INFO  ru.atom.websocket.server.GameManager - ignore move before game is ready to start
23:33:08.075 [qtp334203599-13] INFO  ru.atom.websocket.server.GameManager - Player with such session is not playing now
23:33:08.075 [qtp334203599-13] INFO  ru.atom.websocket.server.GameManager - ignore move before game is ready to start
23:33:08.090 [qtp334203599-19] INFO  ru.atom.websocket.server.GameManager - Player with such session is not playing now
23:33:08.090 [qtp334203599-19] INFO  ru.atom.websocket.server.GameManager - ignore move before game is ready to start
23:33:08.106 [qtp334203599-18] INFO  ru.atom.websocket.server.GameManager - Player with such session is not playing now
23:33:08.106 [qtp334203599-18] INFO  ru.atom.websocket.server.GameManager - ignore move before game is ready to start
23:33:08.121 [qtp334203599-20] INFO  ru.atom.websocket.server.GameManager - Player with such session is not playing now
23:33:08.121 [qtp334203599-20] INFO  ru.atom.websocket.server.GameManager - ignore move before game is ready to start
23:33:08.139 [qtp334203599-13] INFO  ru.atom.websocket.server.GameManager - Player with such session is not playing now
23:33:08.139 [qtp334203599-13] INFO  ru.atom.websocket.server.GameManager - ignore move before game is ready to start
23:33:08.156 [qtp334203599-19] INFO  ru.atom.websocket.server.GameManager - Player with such session is not playing now
23:33:08.156 [qtp334203599-19] INFO  ru.atom.websocket.server.GameManager - ignore move before game is ready to start
23:33:08.173 [qtp334203599-20] INFO  ru.atom.websocket.server.GameManager - Player with such session is not playing now
23:33:08.173 [qtp334203599-20] INFO  ru.atom.websocket.server.GameManager - ignore move before game is ready to start
23:33:08.190 [qtp334203599-18] INFO  ru.atom.websocket.server.GameManager - Player with such session is not playing now
23:33:08.190 [qtp334203599-18] INFO  ru.atom.websocket.server.GameManager - ignore move before game is ready to start
23:33:08.206 [qtp334203599-19] INFO  ru.atom.websocket.server.GameManager - Player with such session is not playing now
23:33:08.206 [qtp334203599-19] INFO  ru.atom.websocket.server.GameManager - ignore move before game is ready to start
23:33:08.223 [qtp334203599-13] INFO  ru.atom.websocket.server.GameManager - Player with such session is not playing now
23:33:08.223 [qtp334203599-13] INFO  ru.atom.websocket.server.GameManager - ignore move before game is ready to start
23:33:08.240 [qtp334203599-18] INFO  ru.atom.websocket.server.GameManager - Player with such session is not playing now
23:33:08.241 [qtp334203599-18] INFO  ru.atom.websocket.server.GameManager - ignore move before game is ready to start
23:33:08.257 [qtp334203599-20] INFO  ru.atom.websocket.server.GameManager - Player with such session is not playing now
23:33:08.257 [qtp334203599-20] INFO  ru.atom.websocket.server.GameManager - ignore move before game is ready to start
23:33:08.273 [qtp334203599-19] INFO  ru.atom.websocket.server.GameManager - Player with such session is not playing now
23:33:08.273 [qtp334203599-19] INFO  ru.atom.websocket.server.GameManager - ignore move before game is ready to start
23:33:08.282 [qtp334203599-18] INFO  ru.atom.websocket.server.GameManager - Player with such session is not playing now
23:33:08.282 [qtp334203599-18] INFO  ru.atom.websocket.server.GameManager - ignore move before game is ready to start
23:33:08.295 [qtp334203599-13] INFO  ru.atom.websocket.server.GameManager - Player with such session is not playing now
23:33:08.295 [qtp334203599-13] INFO  ru.atom.websocket.server.GameManager - ignore move before game is ready to start
23:33:08.315 [qtp334203599-19] INFO  ru.atom.websocket.server.GameManager - Player with such session is not playing now
23:33:08.315 [qtp334203599-19] INFO  ru.atom.websocket.server.GameManager - ignore move before game is ready to start
23:33:08.329 [qtp334203599-20] INFO  ru.atom.websocket.server.GameManager - Player with such session is not playing now
23:33:08.329 [qtp334203599-20] INFO  ru.atom.websocket.server.GameManager - ignore move before game is ready to start
23:33:08.344 [qtp334203599-13] INFO  ru.atom.websocket.server.GameManager - Player with such session is not playing now
23:33:08.344 [qtp334203599-13] INFO  ru.atom.websocket.server.GameManager - ignore move before game is ready to start
23:33:08.360 [qtp334203599-18] INFO  ru.atom.websocket.server.GameManager - Player with such session is not playing now
23:33:08.361 [qtp334203599-18] INFO  ru.atom.websocket.server.GameManager - ignore move before game is ready to start
23:33:08.376 [qtp334203599-20] INFO  ru.atom.websocket.server.GameManager - Player with such session is not playing now
23:33:08.376 [qtp334203599-20] INFO  ru.atom.websocket.server.GameManager - ignore move before game is ready to start
23:33:08.395 [qtp334203599-19] INFO  ru.atom.websocket.server.GameManager - Player with such session is not playing now
23:33:08.396 [qtp334203599-19] INFO  ru.atom.websocket.server.GameManager - ignore move before game is ready to start
23:33:08.414 [qtp334203599-18] INFO  ru.atom.websocket.server.GameManager - Player with such session is not playing now
23:33:08.414 [qtp334203599-18] INFO  ru.atom.websocket.server.GameManager - ignore move before game is ready to start
23:33:08.434 [qtp334203599-13] INFO  ru.atom.websocket.server.GameManager - Player with such session is not playing now
23:33:08.434 [qtp334203599-13] INFO  ru.atom.websocket.server.GameManager - ignore move before game is ready to start
23:33:08.446 [qtp334203599-13] INFO  ru.atom.websocket.server.GameManager - Player with such session is not playing now
23:33:08.446 [qtp334203599-13] INFO  ru.atom.websocket.server.GameManager - ignore move before game is ready to start
23:33:08.459 [qtp334203599-18] INFO  ru.atom.websocket.server.GameManager - Player with such session is not playing now
23:33:08.460 [qtp334203599-18] INFO  ru.atom.websocket.server.GameManager - ignore move before game is ready to start
23:33:08.476 [qtp334203599-19] INFO  ru.atom.websocket.server.GameManager - Player with such session is not playing now
23:33:08.476 [qtp334203599-19] INFO  ru.atom.websocket.server.GameManager - ignore move before game is ready to start
23:33:08.493 [qtp334203599-13] INFO  ru.atom.websocket.server.GameManager - Player with such session is not playing now
23:33:08.493 [qtp334203599-13] INFO  ru.atom.websocket.server.GameManager - ignore move before game is ready to start
23:33:08.509 [qtp334203599-20] INFO  ru.atom.websocket.server.GameManager - Player with such session is not playing now
23:33:08.510 [qtp334203599-20] INFO  ru.atom.websocket.server.GameManager - ignore move before game is ready to start
23:33:08.526 [qtp334203599-19] INFO  ru.atom.websocket.server.GameManager - Player with such session is not playing now
23:33:08.527 [qtp334203599-19] INFO  ru.atom.websocket.server.GameManager - ignore move before game is ready to start
23:33:08.544 [qtp334203599-18] INFO  ru.atom.websocket.server.GameManager - Player with such session is not playing now
23:33:08.544 [qtp334203599-18] INFO  ru.atom.websocket.server.GameManager - ignore move before game is ready to start
23:33:08.552 [qtp334203599-20] INFO  ru.atom.websocket.server.GameManager - Player with such session is not playing now
23:33:08.552 [qtp334203599-20] INFO  ru.atom.websocket.server.GameManager - ignore move before game is ready to start
23:33:08.569 [qtp334203599-13] INFO  ru.atom.websocket.server.GameManager - Player with such session is not playing now
23:33:08.569 [qtp334203599-13] INFO  ru.atom.websocket.server.GameManager - ignore move before game is ready to start
23:33:08.577 [qtp334203599-19] INFO  ru.atom.websocket.server.GameManager - Player with such session is not playing now
23:33:08.577 [qtp334203599-19] INFO  ru.atom.websocket.server.GameManager - ignore move before game is ready to start
23:33:08.586 [qtp334203599-20] INFO  ru.atom.websocket.server.GameManager - Player with such session is not playing now
23:33:08.586 [qtp334203599-20] INFO  ru.atom.websocket.server.GameManager - ignore move before game is ready to start
23:33:08.601 [qtp334203599-18] INFO  ru.atom.websocket.server.GameManager - Player with such session is not playing now
23:33:08.601 [qtp334203599-18] INFO  ru.atom.websocket.server.GameManager - ignore move before game is ready to start
23:33:08.611 [qtp334203599-13] INFO  ru.atom.websocket.server.GameManager - Player with such session is not playing now
23:33:08.611 [qtp334203599-13] INFO  ru.atom.websocket.server.GameManager - ignore move before game is ready to start
23:33:08.616 [qtp334203599-19] INFO  ru.atom.websocket.server.GameManager - Player with such session is not playing now
23:33:08.616 [qtp334203599-19] INFO  ru.atom.websocket.server.GameManager - ignore move before game is ready to start
23:33:08.633 [qtp334203599-20] INFO  ru.atom.websocket.server.GameManager - Player with such session is not playing now
23:33:08.633 [qtp334203599-20] INFO  ru.atom.websocket.server.GameManager - ignore move before game is ready to start
23:33:08.645 [qtp334203599-18] INFO  ru.atom.websocket.server.GameManager - Player with such session is not playing now
23:33:08.645 [qtp334203599-18] INFO  ru.atom.websocket.server.GameManager - ignore move before game is ready to start
23:33:08.651 [qtp334203599-13] INFO  ru.atom.websocket.server.GameManager - Player with such session is not playing now
23:33:08.651 [qtp334203599-13] INFO  ru.atom.websocket.server.GameManager - ignore move before game is ready to start
23:33:08.665 [qtp334203599-19] INFO  ru.atom.websocket.server.GameManager - Player with such session is not playing now
23:33:08.665 [qtp334203599-19] INFO  ru.atom.websocket.server.GameManager - ignore move before game is ready to start
23:33:08.679 [qtp334203599-18] INFO  ru.atom.websocket.server.GameManager - Player with such session is not playing now
23:33:08.680 [qtp334203599-18] INFO  ru.atom.websocket.server.GameManager - ignore move before game is ready to start
23:33:08.681 [qtp334203599-18] INFO  ru.atom.websocket.server.GameManager - Player with such session is not playing now
23:33:08.681 [qtp334203599-18] INFO  ru.atom.websocket.server.GameManager - ignore move before game is ready to start
23:33:08.697 [qtp334203599-20] INFO  ru.atom.websocket.server.GameManager - Player with such session is not playing now
23:33:08.697 [qtp334203599-20] INFO  ru.atom.websocket.server.GameManager - ignore move before game is ready to start
23:33:08.714 [qtp334203599-13] INFO  ru.atom.websocket.server.GameManager - Player with such session is not playing now
23:33:08.714 [qtp334203599-13] INFO  ru.atom.websocket.server.GameManager - ignore move before game is ready to start
23:33:08.715 [qtp334203599-13] INFO  ru.atom.websocket.server.GameManager - Player with such session is not playing now
23:33:08.715 [qtp334203599-13] INFO  ru.atom.websocket.server.GameManager - ignore move before game is ready to start
23:33:08.960 [qtp334203599-19] INFO  ru.atom.websocket.server.GameManager - Player with such session is not playing now
23:33:08.961 [qtp334203599-19] INFO  ru.atom.websocket.server.GameManager - ignore move before game is ready to start
23:33:08.962 [qtp334203599-19] INFO  ru.atom.websocket.server.GameManager - Player with such session is not playing now
23:33:08.962 [qtp334203599-19] INFO  ru.atom.websocket.server.GameManager - ignore move before game is ready to start
23:33:08.978 [qtp334203599-18] INFO  ru.atom.websocket.server.GameManager - Player with such session is not playing now
23:33:08.978 [qtp334203599-18] INFO  ru.atom.websocket.server.GameManager - ignore move before game is ready to start
23:33:08.997 [qtp334203599-13] INFO  ru.atom.websocket.server.GameManager - Player with such session is not playing now
23:33:08.997 [qtp334203599-13] INFO  ru.atom.websocket.server.GameManager - ignore move before game is ready to start
23:33:09.015 [qtp334203599-20] INFO  ru.atom.websocket.server.GameManager - Player with such session is not playing now
23:33:09.015 [qtp334203599-20] INFO  ru.atom.websocket.server.GameManager - ignore move before game is ready to start
23:33:09.032 [qtp334203599-19] INFO  ru.atom.websocket.server.GameManager - Player with such session is not playing now
23:33:09.032 [qtp334203599-19] INFO  ru.atom.websocket.server.GameManager - ignore move before game is ready to start
23:33:09.046 [qtp334203599-13] INFO  ru.atom.websocket.server.GameManager - Player with such session is not playing now
23:33:09.046 [qtp334203599-13] INFO  ru.atom.websocket.server.GameManager - ignore move before game is ready to start
23:33:09.061 [qtp334203599-18] INFO  ru.atom.websocket.server.GameManager - Player with such session is not playing now
23:33:09.061 [qtp334203599-18] INFO  ru.atom.websocket.server.GameManager - ignore move before game is ready to start
23:33:09.081 [qtp334203599-20] INFO  ru.atom.websocket.server.GameManager - Player with such session is not playing now
23:33:09.081 [qtp334203599-20] INFO  ru.atom.websocket.server.GameManager - ignore move before game is ready to start
23:33:09.100 [qtp334203599-19] INFO  ru.atom.websocket.server.GameManager - Player with such session is not playing now
23:33:09.100 [qtp334203599-19] INFO  ru.atom.websocket.server.GameManager - ignore move before game is ready to start
23:33:09.109 [qtp334203599-13] INFO  ru.atom.websocket.server.GameManager - Player with such session is not playing now
23:33:09.109 [qtp334203599-13] INFO  ru.atom.websocket.server.GameManager - ignore move before game is ready to start
23:33:09.126 [qtp334203599-20] INFO  ru.atom.websocket.server.GameManager - Player with such session is not playing now
23:33:09.126 [qtp334203599-20] INFO  ru.atom.websocket.server.GameManager - ignore move before game is ready to start
23:34:21.321 [qtp334203599-16] INFO  ru.atom.websocket.server.GameManager - number of players in currentGame before add: 0
23:34:21.588 [qtp334203599-16] INFO  ru.atom.websocket.server.GameManager - number of players in currentGame after add: 1
23:34:21.591 [qtp334203599-16] INFO  ru.atom.websocket.server.GameManager - game is started
23:34:21.665 [qtp334203599-16] INFO  ru.atom.websocket.server.GameManager - next game is ready to add new players
23:36:33.230 [qtp334203599-16] INFO  ru.atom.websocket.server.GameManager - 209 pawn will be killed in game
23:36:33.232 [qtp334203599-16] INFO  ru.atom.websocket.server.GameManager - games size before interrupting: 1
23:36:33.232 [qtp334203599-16] INFO  ru.atom.websocket.server.GameManager - games size after interrupting: 0
23:38:26.587 [qtp334203599-19] INFO  ru.atom.websocket.server.GameManager - number of players in currentGame before add: 0
23:38:27.115 [qtp334203599-19] INFO  ru.atom.websocket.server.GameManager - number of players in currentGame after add: 1
23:38:27.117 [qtp334203599-19] INFO  ru.atom.websocket.server.GameManager - game is started
23:38:27.170 [qtp334203599-19] INFO  ru.atom.websocket.server.GameManager - next game is ready to add new players
23:40:17.318 [qtp334203599-16] INFO  ru.atom.websocket.server.GameManager - number of players in currentGame before add: 0
23:40:17.529 [qtp334203599-16] INFO  ru.atom.websocket.server.GameManager - number of players in currentGame after add: 1
23:40:17.532 [qtp334203599-16] INFO  ru.atom.websocket.server.GameManager - game is started
23:40:17.624 [qtp334203599-16] INFO  ru.atom.websocket.server.GameManager - next game is ready to add new players
23:46:24.153 [qtp334203599-17] INFO  ru.atom.websocket.server.GameManager - number of players in currentGame before add: 0
23:46:24.842 [qtp334203599-17] INFO  ru.atom.websocket.server.GameManager - number of players in currentGame after add: 1
23:46:24.844 [qtp334203599-17] INFO  ru.atom.websocket.server.GameManager - game is started
23:46:24.961 [qtp334203599-17] INFO  ru.atom.websocket.server.GameManager - next game is ready to add new players
23:47:20.404 [qtp334203599-18] INFO  ru.atom.websocket.server.GameManager - number of players in currentGame before add: 0
23:47:20.623 [qtp334203599-18] INFO  ru.atom.websocket.server.GameManager - number of players in currentGame after add: 1
23:47:20.625 [qtp334203599-18] INFO  ru.atom.websocket.server.GameManager - game is started
23:47:20.952 [qtp334203599-18] INFO  ru.atom.websocket.server.GameManager - next game is ready to add new players
